<?xml version="1.0" encoding="UTF-8"?>
<!-- Generated by org.testng.reporters.JUnitXMLReporter -->
<testsuite ignored="0" hostname="LAPTOP2-Shahadat" failures="1" tests="2" name="opencartTests" time="8.766" errors="0" timestamp="2022-12-29T10:26:16 IST">
  <testcase classname="testCases.TC_001_AccountRegistration" name="test_accout_Registration" time="3.071">
    <failure type="java.lang.AssertionError" message="null">
      <![CDATA[java.lang.AssertionError: null
at testCases.TC_001_AccountRegistration.test_accout_Registration(TC_001_AccountRegistration.java:72)
at java.base/java.util.ArrayList.forEach(ArrayList.java:1511)
... Removed 29 stack frames]]>
    </failure>
  </testcase> <!-- test_accout_Registration -->
  <testcase classname="testCases.TC_002_Login" name="test_Login" time="1.602"/>
</testsuite> <!-- opencartTests -->
